<?xml version="1.0" encoding="utf-8"?>
<TestRun id="8bc087cb-7f2f-46fe-9b78-09e9307b2bbb" name="maiti@DESKTOP-GDE40BI 2026-04-01 00:28:51" runUser="DESKTOP-GDE40BI\maiti" xmlns="http://microsoft.com/schemas/VisualStudio/TeamTest/2010">
  <Times creation="2026-04-01T00:28:51.6837093+07:00" queuing="2026-04-01T00:28:51.6837098+07:00" start="2026-04-01T00:28:47.7185418+07:00" finish="2026-04-01T00:28:51.6987562+07:00" />
  <TestSettings name="default" id="b65d6835-5f41-47ab-9c97-9f80d3d7f635">
    <Deployment runDeploymentRoot="maiti_DESKTOP-GDE40BI_2026-04-01_00_28_51" />
  </TestSettings>
  <Results>
    <UnitTestResult executionId="48dbdb42-fa4c-4589-9cdf-3de6b100a826" testId="a7bf64e0-7479-4652-ed34-7c60f3c45fc9" testName="CreateSongAsync_ShouldAddSongAndCommit" computerName="DESKTOP-GDE40BI" duration="00:00:00.5094170" startTime="2026-04-01T00:28:50.6472674+07:00" endTime="2026-04-01T00:28:51.1565332+07:00" testType="13cdc9d9-ddb5-4fa4-a97d-d965ccfc6d4b" outcome="Passed" testListId="8c84fa94-04c1-424b-9868-57a2d4851a1d" relativeResultsDirectory="48dbdb42-fa4c-4589-9cdf-3de6b100a826" />
    <UnitTestResult executionId="975be099-eeb0-4ad8-aba3-b6035d20e7a2" testId="3f6434a5-e151-9b77-8a56-4d63a5e0d606" testName="GetAllSongsAsync_ShouldReturnMappedDtos" computerName="DESKTOP-GDE40BI" duration="00:00:00.0853510" startTime="2026-04-01T00:28:51.3635981+07:00" endTime="2026-04-01T00:28:51.4489498+07:00" testType="13cdc9d9-ddb5-4fa4-a97d-d965ccfc6d4b" outcome="Passed" testListId="8c84fa94-04c1-424b-9868-57a2d4851a1d" relativeResultsDirectory="975be099-eeb0-4ad8-aba3-b6035d20e7a2" />
    <UnitTestResult executionId="43384d6c-e61a-434a-b5d5-062dd4b45e0b" testId="e567ca2a-bddb-4c85-454e-e9d2f79f9cd5" testName="GetAlbumByIdAsync_ExistingAlbum_ShouldReturnDtoWithSongs" computerName="DESKTOP-GDE40BI" duration="00:00:00.1594130" startTime="2026-04-01T00:28:51.1654536+07:00" endTime="2026-04-01T00:28:51.3248668+07:00" testType="13cdc9d9-ddb5-4fa4-a97d-d965ccfc6d4b" outcome="Failed" testListId="8c84fa94-04c1-424b-9868-57a2d4851a1d" relativeResultsDirectory="43384d6c-e61a-434a-b5d5-062dd4b45e0b">
      <Output>
        <ErrorInfo>
          <Message>System.InvalidOperationException : The provider for the source 'IQueryable' doesn't implement 'IAsyncQueryProvider'. Only providers that implement 'IAsyncQueryProvider' can be used for Entity Framework asynchronous operations.</Message>
          <StackTrace>   at Microsoft.EntityFrameworkCore.EntityFrameworkQueryableExtensions.ExecuteAsync[TSource,TResult](MethodInfo operatorMethodInfo, IQueryable`1 source, Expression expression, CancellationToken cancellationToken)&#xD;
   at Microsoft.EntityFrameworkCore.EntityFrameworkQueryableExtensions.ExecuteAsync[TSource,TResult](MethodInfo operatorMethodInfo, IQueryable`1 source, CancellationToken cancellationToken)&#xD;
   at Microsoft.EntityFrameworkCore.EntityFrameworkQueryableExtensions.FirstOrDefaultAsync[TSource](IQueryable`1 source, CancellationToken cancellationToken)&#xD;
   at YoutubeMusicPlayer.Application.Services.AlbumService.GetAlbumByIdAsync(Int32 id) in C:\Users\maiti\OneDrive\Desktop\ASM.NET\YoutubeMusicPlayer.Application\Services\AlbumService.cs:line 42&#xD;
   at YoutubeMusicPlayer.Tests.MusicMetadataTests.GetAlbumByIdAsync_ExistingAlbum_ShouldReturnDtoWithSongs() in C:\Users\maiti\OneDrive\Desktop\ASM.NET\YoutubeMusicPlayer.Tests\MusicMetadataTests.cs:line 116&#xD;
   at NUnit.Framework.Internal.TaskAwaitAdapter.GenericAdapter`1.GetResult()&#xD;
   at NUnit.Framework.Internal.AsyncToSyncAdapter.Await[TResult](TestExecutionContext context, Func`1 invoke)&#xD;
   at NUnit.Framework.Internal.AsyncToSyncAdapter.Await(TestExecutionContext context, Func`1 invoke)&#xD;
   at NUnit.Framework.Internal.Commands.TestMethodCommand.RunTestMethod(TestExecutionContext context)&#xD;
   at NUnit.Framework.Internal.Commands.TestMethodCommand.Execute(TestExecutionContext context)&#xD;
   at NUnit.Framework.Internal.Commands.BeforeAndAfterTestCommand.&lt;&gt;c__DisplayClass1_0.&lt;Execute&gt;b__0()&#xD;
   at NUnit.Framework.Internal.Commands.DelegatingTestCommand.RunTestMethodInThreadAbortSafeZone(TestExecutionContext context, Action action)
</StackTrace>
        </ErrorInfo>
      </Output>
    </UnitTestResult>
  </Results>
  <TestDefinitions>
    <UnitTest name="CreateSongAsync_ShouldAddSongAndCommit" storage="c:\users\maiti\onedrive\desktop\asm.net\youtubemusicplayer.tests\bin\debug\net10.0\youtubemusicplayer.tests.dll" id="a7bf64e0-7479-4652-ed34-7c60f3c45fc9">
      <Execution id="48dbdb42-fa4c-4589-9cdf-3de6b100a826" />
      <TestMethod codeBase="C:\Users\maiti\OneDrive\Desktop\ASM.NET\YoutubeMusicPlayer.Tests\bin\Debug\net10.0\YoutubeMusicPlayer.Tests.dll" adapterTypeName="executor://nunit3testexecutor/" className="YoutubeMusicPlayer.Tests.MusicMetadataTests" name="CreateSongAsync_ShouldAddSongAndCommit" />
    </UnitTest>
    <UnitTest name="GetAlbumByIdAsync_ExistingAlbum_ShouldReturnDtoWithSongs" storage="c:\users\maiti\onedrive\desktop\asm.net\youtubemusicplayer.tests\bin\debug\net10.0\youtubemusicplayer.tests.dll" id="e567ca2a-bddb-4c85-454e-e9d2f79f9cd5">
      <Execution id="43384d6c-e61a-434a-b5d5-062dd4b45e0b" />
      <TestMethod codeBase="C:\Users\maiti\OneDrive\Desktop\ASM.NET\YoutubeMusicPlayer.Tests\bin\Debug\net10.0\YoutubeMusicPlayer.Tests.dll" adapterTypeName="executor://nunit3testexecutor/" className="YoutubeMusicPlayer.Tests.MusicMetadataTests" name="GetAlbumByIdAsync_ExistingAlbum_ShouldReturnDtoWithSongs" />
    </UnitTest>
    <UnitTest name="GetAllSongsAsync_ShouldReturnMappedDtos" storage="c:\users\maiti\onedrive\desktop\asm.net\youtubemusicplayer.tests\bin\debug\net10.0\youtubemusicplayer.tests.dll" id="3f6434a5-e151-9b77-8a56-4d63a5e0d606">
      <Execution id="975be099-eeb0-4ad8-aba3-b6035d20e7a2" />
      <TestMethod codeBase="C:\Users\maiti\OneDrive\Desktop\ASM.NET\YoutubeMusicPlayer.Tests\bin\Debug\net10.0\YoutubeMusicPlayer.Tests.dll" adapterTypeName="executor://nunit3testexecutor/" className="YoutubeMusicPlayer.Tests.MusicMetadataTests" name="GetAllSongsAsync_ShouldReturnMappedDtos" />
    </UnitTest>
  </TestDefinitions>
  <TestEntries>
    <TestEntry testId="a7bf64e0-7479-4652-ed34-7c60f3c45fc9" executionId="48dbdb42-fa4c-4589-9cdf-3de6b100a826" testListId="8c84fa94-04c1-424b-9868-57a2d4851a1d" />
    <TestEntry testId="3f6434a5-e151-9b77-8a56-4d63a5e0d606" executionId="975be099-eeb0-4ad8-aba3-b6035d20e7a2" testListId="8c84fa94-04c1-424b-9868-57a2d4851a1d" />
    <TestEntry testId="e567ca2a-bddb-4c85-454e-e9d2f79f9cd5" executionId="43384d6c-e61a-434a-b5d5-062dd4b45e0b" testListId="8c84fa94-04c1-424b-9868-57a2d4851a1d" />
  </TestEntries>
  <TestLists>
    <TestList name="Results Not in a List" id="8c84fa94-04c1-424b-9868-57a2d4851a1d" />
    <TestList name="All Loaded Results" id="19431567-8539-422a-85d7-44ee4e166bda" />
  </TestLists>
  <ResultSummary outcome="Failed">
    <Counters total="3" executed="3" passed="2" failed="1" error="0" timeout="0" aborted="0" inconclusive="0" passedButRunAborted="0" notRunnable="0" notExecuted="0" disconnected="0" warning="0" completed="0" inProgress="0" pending="0" />
    <Output>
      <StdOut>NUnit Adapter 5.0.0.0: Test execution started&#xD;
Running selected tests in C:\Users\maiti\OneDrive\Desktop\ASM.NET\YoutubeMusicPlayer.Tests\bin\Debug\net10.0\YoutubeMusicPlayer.Tests.dll&#xD;
   NUnit3TestExecutor discovered 3 of 3 NUnit test cases using Current Discovery mode, Non-Explicit run&#xD;
NUnit Adapter 5.0.0.0: Test execution complete&#xD;
</StdOut>
    </Output>
  </ResultSummary>
</TestRun>