<?xml version="1.0" encoding="utf-8"?>
<TestRun id="9254ea98-8df9-4238-b78f-50d9fda23190" name="maiti@DESKTOP-GDE40BI 2026-04-01 00:25:35" runUser="DESKTOP-GDE40BI\maiti" xmlns="http://microsoft.com/schemas/VisualStudio/TeamTest/2010">
  <Times creation="2026-04-01T00:25:35.0625584+07:00" queuing="2026-04-01T00:25:35.0625590+07:00" start="2026-04-01T00:25:32.1991489+07:00" finish="2026-04-01T00:25:35.1011743+07:00" />
  <TestSettings name="default" id="f3667787-de37-4d23-8b62-dbda1361b326">
    <Deployment runDeploymentRoot="maiti_DESKTOP-GDE40BI_2026-04-01_00_25_35" />
  </TestSettings>
  <Results>
    <UnitTestResult executionId="99088ff1-6199-444a-a1e1-0a515d811acd" testId="623f5662-bcee-3830-fb63-9b02c0be5e4e" testName="Register_Post_Success_RedirectsToHome" computerName="DESKTOP-GDE40BI" duration="00:00:00.3776410" startTime="2026-04-01T00:25:34.3331606+07:00" endTime="2026-04-01T00:25:34.7106337+07:00" testType="13cdc9d9-ddb5-4fa4-a97d-d965ccfc6d4b" outcome="Failed" testListId="8c84fa94-04c1-424b-9868-57a2d4851a1d" relativeResultsDirectory="99088ff1-6199-444a-a1e1-0a515d811acd">
      <Output>
        <ErrorInfo>
          <Message>Returned ViewResult instead of Redirect. ModelState Errors: No service for type 'Microsoft.AspNetCore.Mvc.Routing.IUrlHelperFactory' has been registered.</Message>
          <StackTrace>   at YoutubeMusicPlayer.Tests.AuthControllerTests.Register_Post_Success_RedirectsToHome() in C:\Users\maiti\OneDrive\Desktop\ASM.NET\YoutubeMusicPlayer.Tests\AuthControllerTests.cs:line 122&#xD;
   at NUnit.Framework.Internal.TaskAwaitAdapter.GenericAdapter`1.GetResult()&#xD;
   at NUnit.Framework.Internal.AsyncToSyncAdapter.Await[TResult](TestExecutionContext context, Func`1 invoke)&#xD;
   at NUnit.Framework.Internal.AsyncToSyncAdapter.Await(TestExecutionContext context, Func`1 invoke)&#xD;
   at NUnit.Framework.Internal.Commands.TestMethodCommand.RunTestMethod(TestExecutionContext context)&#xD;
   at NUnit.Framework.Internal.Commands.TestMethodCommand.Execute(TestExecutionContext context)&#xD;
   at NUnit.Framework.Internal.Commands.BeforeAndAfterTestCommand.&lt;&gt;c__DisplayClass1_0.&lt;Execute&gt;b__0()&#xD;
   at NUnit.Framework.Internal.Commands.DelegatingTestCommand.RunTestMethodInThreadAbortSafeZone(TestExecutionContext context, Action action)&#xD;

1)    at YoutubeMusicPlayer.Tests.AuthControllerTests.Register_Post_Success_RedirectsToHome() in C:\Users\maiti\OneDrive\Desktop\ASM.NET\YoutubeMusicPlayer.Tests\AuthControllerTests.cs:line 122&#xD;
   at System.Runtime.CompilerServices.AsyncMethodBuilderCore.Start[TStateMachine](TStateMachine&amp; stateMachine)&#xD;
   at YoutubeMusicPlayer.Tests.AuthControllerTests.Register_Post_Success_RedirectsToHome()&#xD;

</StackTrace>
        </ErrorInfo>
      </Output>
    </UnitTestResult>
  </Results>
  <TestDefinitions>
    <UnitTest name="Register_Post_Success_RedirectsToHome" storage="c:\users\maiti\onedrive\desktop\asm.net\youtubemusicplayer.tests\bin\debug\net10.0\youtubemusicplayer.tests.dll" id="623f5662-bcee-3830-fb63-9b02c0be5e4e">
      <Execution id="99088ff1-6199-444a-a1e1-0a515d811acd" />
      <TestMethod codeBase="C:\Users\maiti\OneDrive\Desktop\ASM.NET\YoutubeMusicPlayer.Tests\bin\Debug\net10.0\YoutubeMusicPlayer.Tests.dll" adapterTypeName="executor://nunit3testexecutor/" className="YoutubeMusicPlayer.Tests.AuthControllerTests" name="Register_Post_Success_RedirectsToHome" />
    </UnitTest>
  </TestDefinitions>
  <TestEntries>
    <TestEntry testId="623f5662-bcee-3830-fb63-9b02c0be5e4e" executionId="99088ff1-6199-444a-a1e1-0a515d811acd" testListId="8c84fa94-04c1-424b-9868-57a2d4851a1d" />
  </TestEntries>
  <TestLists>
    <TestList name="Results Not in a List" id="8c84fa94-04c1-424b-9868-57a2d4851a1d" />
    <TestList name="All Loaded Results" id="19431567-8539-422a-85d7-44ee4e166bda" />
  </TestLists>
  <ResultSummary outcome="Failed">
    <Counters total="1" executed="1" passed="0" failed="1" error="0" timeout="0" aborted="0" inconclusive="0" passedButRunAborted="0" notRunnable="0" notExecuted="0" disconnected="0" warning="0" completed="0" inProgress="0" pending="0" />
    <Output>
      <StdOut>NUnit Adapter 5.0.0.0: Test execution started&#xD;
Running selected tests in C:\Users\maiti\OneDrive\Desktop\ASM.NET\YoutubeMusicPlayer.Tests\bin\Debug\net10.0\YoutubeMusicPlayer.Tests.dll&#xD;
   NUnit3TestExecutor discovered 1 of 1 NUnit test cases using Current Discovery mode, Non-Explicit run&#xD;
NUnit Adapter 5.0.0.0: Test execution complete&#xD;
</StdOut>
    </Output>
  </ResultSummary>
</TestRun>